<?xml version="1.0" encoding="UTF-8"?>
<!-- Generated by org.testng.reporters.JUnitReportReporter -->
<testsuite hostname="Annas-MacBook-Pro.local" failures="0" tests="2" name="tests.StartPageNegativeTest" time="97.128" errors="0" timestamp="27 Jul 2023 14:56:27 GMT" skipped="0">
  <testcase classname="tests.StartPageNegativeTest" name="testMaxSpendAmountError" time="34.034"/>
  <testcase classname="tests.StartPageNegativeTest" name="testExchangeSellMaxAmount" time="63.094"/>
</testsuite> <!-- tests.StartPageNegativeTest -->
